<?xml version="1.0" encoding="UTF-8"?>
<testng-results skipped="0" failed="0" ignored="0" total="2" passed="2">
  <reporter-output>
  </reporter-output>
  <suite name="Default suite" duration-ms="33749" started-at="2018-02-13T13:53:23Z" finished-at="2018-02-13T13:53:56Z">
    <groups>
    </groups>
    <test name="Default test" duration-ms="33749" started-at="2018-02-13T13:53:23Z" finished-at="2018-02-13T13:53:56Z">
      <class name="test.APLoginTestFF">
        <test-method status="PASS" signature="beforeTest()[pri:0, instance:test.APLoginTestFF@4c70fda8]" name="beforeTest" is-config="true" duration-ms="8804" started-at="2018-02-13T14:53:23Z" finished-at="2018-02-13T14:53:32Z">
          <reporter-output>
          </reporter-output>
        </test-method> <!-- beforeTest -->
        <test-method status="PASS" signature="login_with_valid_credentials()[pri:0, instance:test.APLoginTestFF@4c70fda8]" name="login_with_valid_credentials" duration-ms="4812" started-at="2018-02-13T14:53:32Z" finished-at="2018-02-13T14:53:36Z">
          <reporter-output>
          </reporter-output>
        </test-method> <!-- login_with_valid_credentials -->
        <test-method status="PASS" signature="tearDown(org.testng.ITestResult)[pri:0, instance:test.APLoginTestFF@4c70fda8]" name="tearDown" is-config="true" duration-ms="2" started-at="2018-02-13T14:53:36Z" finished-at="2018-02-13T14:53:36Z">
          <params>
            <param index="0">
              <value>
                <![CDATA[[TestResult name=login_with_valid_credentials status=SUCCESS method=APLoginTestFF.login_with_valid_credentials()[pri:0, instance:test.APLoginTestFF@4c70fda8] output={null}]]]>
              </value>
            </param>
          </params>
          <reporter-output>
          </reporter-output>
        </test-method> <!-- tearDown -->
        <test-method status="PASS" signature="purchase_with_login()[pri:0, instance:test.APLoginTestFF@4c70fda8]" name="purchase_with_login" duration-ms="20102" started-at="2018-02-13T14:53:36Z" finished-at="2018-02-13T14:53:56Z">
          <reporter-output>
          </reporter-output>
        </test-method> <!-- purchase_with_login -->
        <test-method status="PASS" signature="tearDown(org.testng.ITestResult)[pri:0, instance:test.APLoginTestFF@4c70fda8]" name="tearDown" is-config="true" duration-ms="1" started-at="2018-02-13T14:53:56Z" finished-at="2018-02-13T14:53:56Z">
          <params>
            <param index="0">
              <value>
                <![CDATA[[TestResult name=purchase_with_login status=SUCCESS method=APLoginTestFF.purchase_with_login()[pri:0, instance:test.APLoginTestFF@4c70fda8] output={null}]]]>
              </value>
            </param>
          </params>
          <reporter-output>
          </reporter-output>
        </test-method> <!-- tearDown -->
      </class> <!-- test.APLoginTestFF -->
    </test> <!-- Default test -->
  </suite> <!-- Default suite -->
</testng-results>
