<?xml version="1.0" encoding="UTF-8"?>
<testng-results skipped="0" failed="0" ignored="0" total="1" passed="1">
  <reporter-output>
  </reporter-output>
  <suite name="Default suite" duration-ms="20352" started-at="2018-01-27T12:43:32Z" finished-at="2018-01-27T12:43:52Z">
    <groups>
    </groups>
    <test name="Default test" duration-ms="20352" started-at="2018-01-27T12:43:32Z" finished-at="2018-01-27T12:43:52Z">
      <class name="basicTests.Login">
        <test-method status="PASS" signature="beforeClass()[pri:0, instance:basicTests.Login@4c70fda8]" name="beforeClass" is-config="true" duration-ms="12293" started-at="2018-01-27T13:43:32Z" finished-at="2018-01-27T13:43:44Z">
          <reporter-output>
          </reporter-output>
        </test-method> <!-- beforeClass -->
        <test-method status="PASS" signature="loginTest()[pri:0, instance:basicTests.Login@4c70fda8]" name="loginTest" duration-ms="7789" started-at="2018-01-27T13:43:44Z" finished-at="2018-01-27T13:43:52Z">
          <reporter-output>
          </reporter-output>
        </test-method> <!-- loginTest -->
        <test-method status="PASS" signature="afterClass()[pri:0, instance:basicTests.Login@4c70fda8]" name="afterClass" is-config="true" duration-ms="213" started-at="2018-01-27T13:43:52Z" finished-at="2018-01-27T13:43:52Z">
          <reporter-output>
          </reporter-output>
        </test-method> <!-- afterClass -->
      </class> <!-- basicTests.Login -->
    </test> <!-- Default test -->
  </suite> <!-- Default suite -->
</testng-results>
